........................................................................ [ 94%]
....                                                                     [100%]
================================ tests coverage ================================
_______________ coverage: platform darwin, python 3.13.5-final-0 _______________

Name                     Stmts   Miss  Cover   Missing
------------------------------------------------------
src/__init__.py              5      0   100%
src/clean.py                95      0   100%
src/llm_hosting/app.py     152      0   100%
src/load_data.py            66      0   100%
src/query_table.py          71      0   100%
src/scrape.py              126      0   100%
src/website.py             150      0   100%
------------------------------------------------------
TOTAL                      665      0   100%
Required test coverage of 100% reached. Total coverage: 100.00%
76 passed in 0.43s
